DEBUG:root:step 0.0
DEBUG:root:step 0.1
DEBUG:root:step 0.2
DEBUG:root:Player  2.0   Type  UCB   pos_tx(2.02, 1.99)   pos_rx(2.12, 2.09)   CF 1065.0   BW 5.0   result Pass
DEBUG:root:
DEBUG:root:--------------------------------------------------------------------------------
DEBUG:root:Player 2.0 changed settings
DEBUG:root:Previous channel : [1060.0;1070.0]
DEBUG:root:New channel : [1030.0;1040.0]
DEBUG:root:--------------------------------------------------------------------------------
DEBUG:root:
DEBUG:root:Player  2.0   Type  UCB   pos_tx(2.07, 2.12)   pos_rx(2.17, 2.22)   CF 1035.0   BW 5.0   result Pass
DEBUG:root:
DEBUG:root:--------------------------------------------------------------------------------
DEBUG:root:Player 2.0 changed settings
DEBUG:root:Previous channel : [1030.0;1040.0]
DEBUG:root:New channel : [1000.0;1010.0]
DEBUG:root:--------------------------------------------------------------------------------
DEBUG:root:
DEBUG:root:Player  2.0   Type  UCB   pos_tx(1.99, 5.96)   pos_rx(2.09, 6.06)   CF 1065.0   BW 5.0   result Pass
DEBUG:root:
DEBUG:root:--------------------------------------------------------------------------------
DEBUG:root:Player 2.0 changed settings
DEBUG:root:Previous channel : [1060.0;1070.0]
DEBUG:root:New channel : [1090.0;1100.0]
DEBUG:root:--------------------------------------------------------------------------------
DEBUG:root:
DEBUG:root:Player  2.0   Type  UCB   pos_tx(2.06, 6.06)   pos_rx(2.16, 6.16)   CF 1015.0   BW 5.0   result Pass
DEBUG:root:
DEBUG:root:--------------------------------------------------------------------------------
DEBUG:root:Player 2.0 changed settings
DEBUG:root:Previous channel : [1010.0;1020.0]
DEBUG:root:New channel : [1020.0;1030.0]
DEBUG:root:--------------------------------------------------------------------------------
DEBUG:root:
DEBUG:root:Player  6.0   Type  UCB   pos_tx(5.96, 6.05)   pos_rx(6.06, 6.15)   CF 1095.0   BW 5.0   result Pass
DEBUG:root:
DEBUG:root:--------------------------------------------------------------------------------
DEBUG:root:Player 6.0 changed settings
DEBUG:root:Previous channel : [1090.0;1100.0]
DEBUG:root:New channel : [1020.0;1030.0]
DEBUG:root:--------------------------------------------------------------------------------
DEBUG:root:
DEBUG:root:Player  6.0   Type  UCB   pos_tx(6.08, 6.1)   pos_rx(6.18, 6.2)   CF 1075.0   BW 5.0   result Pass
DEBUG:root:
DEBUG:root:--------------------------------------------------------------------------------
DEBUG:root:Player 6.0 changed settings
DEBUG:root:Previous channel : [1070.0;1080.0]
DEBUG:root:New channel : [1010.0;1020.0]
DEBUG:root:--------------------------------------------------------------------------------
DEBUG:root:
DEBUG:root:Player  6.0   Type  UCB   pos_tx(5.99, 2.02)   pos_rx(6.09, 2.12)   CF 1075.0   BW 5.0   result Pass
DEBUG:root:
DEBUG:root:--------------------------------------------------------------------------------
DEBUG:root:Player 6.0 changed settings
DEBUG:root:Previous channel : [1070.0;1080.0]
DEBUG:root:New channel : [1010.0;1020.0]
DEBUG:root:--------------------------------------------------------------------------------
DEBUG:root:
DEBUG:root:Player  6.0   Type  UCB   pos_tx(6.09, 1.94)   pos_rx(6.19, 2.04)   CF 1015.0   BW 5.0   result Pass
DEBUG:root:
DEBUG:root:--------------------------------------------------------------------------------
DEBUG:root:Player 6.0 changed settings
DEBUG:root:Previous channel : [1010.0;1020.0]
DEBUG:root:New channel : [1070.0;1080.0]
DEBUG:root:--------------------------------------------------------------------------------
DEBUG:root:
DEBUG:root:step 0.3
DEBUG:root:step 0.4
DEBUG:root:step 0.5
DEBUG:root:step 0.6
DEBUG:root:step 0.7
DEBUG:root:step 0.8
DEBUG:root:step 0.9
DEBUG:root:step 1.0
DEBUG:root:step 1.1
DEBUG:root:step 1.2
DEBUG:root:Player  2.0   Type  UCB   pos_tx(1.98, 2.06)   pos_rx(2.08, 2.16)   CF 1035.0   BW 5.0   result Fail
DEBUG:root:Player  2.0   Type  UCB   pos_tx(2.1, 2.18)   pos_rx(2.2, 2.28)   CF 1005.0   BW 5.0   result Fail
DEBUG:root:Player  2.0   Type  UCB   pos_tx(2.06, 5.99)   pos_rx(2.16, 6.09)   CF 1095.0   BW 5.0   result Fail
DEBUG:root:Player  2.0   Type  UCB   pos_tx(2.16, 6.11)   pos_rx(2.26, 6.21)   CF 1025.0   BW 5.0   result Fail
DEBUG:root:Player  6.0   Type  UCB   pos_tx(6.01, 5.93)   pos_rx(6.11, 6.03)   CF 1025.0   BW 5.0   result Fail
DEBUG:root:Player  6.0   Type  UCB   pos_tx(6.1, 6.05)   pos_rx(6.2, 6.15)   CF 1015.0   BW 5.0   result Fail
DEBUG:root:Player  6.0   Type  UCB   pos_tx(5.96, 1.99)   pos_rx(6.06, 2.09)   CF 1015.0   BW 5.0   result Fail
DEBUG:root:Player  6.0   Type  UCB   pos_tx(6.07, 2.08)   pos_rx(6.17, 2.18)   CF 1075.0   BW 5.0   result Fail
DEBUG:root:step 1.3
DEBUG:root:step 1.4
DEBUG:root:step 1.5
DEBUG:root:step 1.6
DEBUG:root:step 1.7
DEBUG:root:step 1.8
DEBUG:root:step 1.9
DEBUG:root:step 2.0
DEBUG:root:step 2.1
DEBUG:root:step 2.2
DEBUG:root:Player  2.0   Type  UCB   pos_tx(2.02, 2.05)   pos_rx(2.12, 2.15)   CF 1035.0   BW 5.0   result Fail
DEBUG:root:Player  2.0   Type  UCB   pos_tx(2.07, 2.18)   pos_rx(2.17, 2.28)   CF 1005.0   BW 5.0   result Fail
DEBUG:root:Player  2.0   Type  UCB   pos_tx(2.09, 5.99)   pos_rx(2.19, 6.09)   CF 1095.0   BW 5.0   result Fail
DEBUG:root:Player  2.0   Type  UCB   pos_tx(2.18, 6.06)   pos_rx(2.28, 6.16)   CF 1025.0   BW 5.0   result Fail
DEBUG:root:Player  6.0   Type  UCB   pos_tx(6.03, 5.91)   pos_rx(6.13, 6.01)   CF 1025.0   BW 5.0   result Fail
DEBUG:root:Player  6.0   Type  UCB   pos_tx(6.09, 6.0)   pos_rx(6.19, 6.1)   CF 1015.0   BW 5.0   result Fail
DEBUG:root:Player  6.0   Type  UCB   pos_tx(5.9, 2.03)   pos_rx(6.0, 2.13)   CF 1015.0   BW 5.0   result Fail
DEBUG:root:Player  6.0   Type  UCB   pos_tx(6.0, 2.07)   pos_rx(6.1, 2.17)   CF 1075.0   BW 5.0   result Fail
DEBUG:root:step 2.3
DEBUG:root:step 2.4
DEBUG:root:step 2.5
DEBUG:root:step 2.6
DEBUG:root:step 2.7
DEBUG:root:step 2.8
DEBUG:root:step 2.9
DEBUG:root:step 3.0
DEBUG:root:step 3.1
DEBUG:root:step 3.2
DEBUG:root:Player  2.0   Type  UCB   pos_tx(2.0, 2.11)   pos_rx(2.1, 2.21)   CF 1035.0   BW 5.0   result Fail
DEBUG:root:Player  2.0   Type  UCB   pos_tx(2.15, 2.17)   pos_rx(2.25, 2.27)   CF 1005.0   BW 5.0   result Fail
DEBUG:root:Player  2.0   Type  UCB   pos_tx(2.07, 5.96)   pos_rx(2.17, 6.06)   CF 1095.0   BW 5.0   result Fail
DEBUG:root:Player  2.0   Type  UCB   pos_tx(2.21, 6.1)   pos_rx(2.31, 6.2)   CF 1025.0   BW 5.0   result Fail
DEBUG:root:Player  6.0   Type  UCB   pos_tx(5.95, 5.9)   pos_rx(6.05, 6.0)   CF 1025.0   BW 5.0   result Fail
DEBUG:root:Player  6.0   Type  UCB   pos_tx(6.07, 5.97)   pos_rx(6.17, 6.07)   CF 1015.0   BW 5.0   result Fail
DEBUG:root:Player  6.0   Type  UCB   pos_tx(5.93, 2.03)   pos_rx(6.03, 2.13)   CF 1015.0   BW 5.0   result Fail
DEBUG:root:Player  6.0   Type  UCB   pos_tx(6.02, 2.11)   pos_rx(6.12, 2.21)   CF 1075.0   BW 5.0   result Fail
DEBUG:root:step 3.3
DEBUG:root:step 3.4
DEBUG:root:step 3.5
DEBUG:root:step 3.6
DEBUG:root:step 3.7
DEBUG:root:step 3.8
DEBUG:root:step 3.9
DEBUG:root:step 4.0
DEBUG:root:step 4.1
DEBUG:root:step 4.2
DEBUG:root:Player  2.0   Type  UCB   pos_tx(2.07, 2.14)   pos_rx(2.17, 2.24)   CF 1035.0   BW 5.0   result Fail
DEBUG:root:Player  2.0   Type  UCB   pos_tx(2.15, 2.23)   pos_rx(2.25, 2.33)   CF 1005.0   BW 5.0   result Fail
DEBUG:root:Player  2.0   Type  UCB   pos_tx(2.13, 5.96)   pos_rx(2.23, 6.06)   CF 1095.0   BW 5.0   result Fail
DEBUG:root:Player  2.0   Type  UCB   pos_tx(2.22, 6.03)   pos_rx(2.32, 6.13)   CF 1025.0   BW 5.0   result Fail
DEBUG:root:Player  6.0   Type  UCB   pos_tx(5.96, 5.9)   pos_rx(6.06, 6.0)   CF 1025.0   BW 5.0   result Fail
DEBUG:root:Player  6.0   Type  UCB   pos_tx(6.02, 6.0)   pos_rx(6.12, 6.1)   CF 1015.0   BW 5.0   result Fail
DEBUG:root:Player  6.0   Type  UCB   pos_tx(5.89, 2.01)   pos_rx(5.99, 2.11)   CF 1015.0   BW 5.0   result Fail
DEBUG:root:Player  6.0   Type  UCB   pos_tx(5.98, 2.14)   pos_rx(6.08, 2.24)   CF 1075.0   BW 5.0   result Fail
DEBUG:root:step 4.3
DEBUG:root:step 4.4
DEBUG:root:step 4.5
DEBUG:root:step 4.6
DEBUG:root:step 4.7
DEBUG:root:step 4.8
DEBUG:root:step 4.9
DEBUG:root:step 5.0
DEBUG:root:step 5.1
DEBUG:root:step 5.2
DEBUG:root:Player  2.0   Type  UCB   pos_tx(2.06, 2.15)   pos_rx(2.16, 2.25)   CF 1035.0   BW 5.0   result Pass
DEBUG:root:
DEBUG:root:--------------------------------------------------------------------------------
DEBUG:root:Player 2.0 changed settings
DEBUG:root:Previous channel : [1030.0;1040.0]
DEBUG:root:New channel : [1090.0;1100.0]
DEBUG:root:--------------------------------------------------------------------------------
DEBUG:root:
DEBUG:root:Player  2.0   Type  UCB   pos_tx(2.17, 2.22)   pos_rx(2.27, 2.32)   CF 1005.0   BW 5.0   result Pass
DEBUG:root:
DEBUG:root:--------------------------------------------------------------------------------
DEBUG:root:Player 2.0 changed settings
DEBUG:root:Previous channel : [1000.0;1010.0]
DEBUG:root:New channel : [1010.0;1020.0]
DEBUG:root:--------------------------------------------------------------------------------
DEBUG:root:
DEBUG:root:Player  2.0   Type  UCB   pos_tx(2.12, 5.94)   pos_rx(2.22, 6.04)   CF 1095.0   BW 5.0   result Pass
DEBUG:root:
DEBUG:root:--------------------------------------------------------------------------------
DEBUG:root:Player 2.0 changed settings
DEBUG:root:Previous channel : [1090.0;1100.0]
DEBUG:root:New channel : [1080.0;1090.0]
DEBUG:root:--------------------------------------------------------------------------------
DEBUG:root:
DEBUG:root:Player  2.0   Type  UCB   pos_tx(2.22, 6.03)   pos_rx(2.32, 6.13)   CF 1025.0   BW 5.0   result Pass
DEBUG:root:
DEBUG:root:--------------------------------------------------------------------------------
DEBUG:root:Player 2.0 changed settings
DEBUG:root:Previous channel : [1020.0;1030.0]
DEBUG:root:New channel : [1090.0;1100.0]
DEBUG:root:--------------------------------------------------------------------------------
DEBUG:root:
DEBUG:root:Player  6.0   Type  UCB   pos_tx(5.91, 5.87)   pos_rx(6.01, 5.97)   CF 1025.0   BW 5.0   result Pass
DEBUG:root:
DEBUG:root:--------------------------------------------------------------------------------
DEBUG:root:Player 6.0 changed settings
DEBUG:root:Previous channel : [1020.0;1030.0]
DEBUG:root:New channel : [1050.0;1060.0]
DEBUG:root:--------------------------------------------------------------------------------
DEBUG:root:
DEBUG:root:Player  6.0   Type  UCB   pos_tx(6.05, 5.93)   pos_rx(6.15, 6.03)   CF 1015.0   BW 5.0   result Pass
DEBUG:root:
DEBUG:root:--------------------------------------------------------------------------------
DEBUG:root:Player 6.0 changed settings
DEBUG:root:Previous channel : [1010.0;1020.0]
DEBUG:root:New channel : [1050.0;1060.0]
DEBUG:root:--------------------------------------------------------------------------------
DEBUG:root:
DEBUG:root:Player  6.0   Type  UCB   pos_tx(5.89, 2.04)   pos_rx(5.99, 2.14)   CF 1015.0   BW 5.0   result Pass
DEBUG:root:
DEBUG:root:--------------------------------------------------------------------------------
DEBUG:root:Player 6.0 changed settings
DEBUG:root:Previous channel : [1010.0;1020.0]
DEBUG:root:New channel : [1020.0;1030.0]
DEBUG:root:--------------------------------------------------------------------------------
DEBUG:root:
DEBUG:root:Player  6.0   Type  UCB   pos_tx(5.95, 2.14)   pos_rx(6.05, 2.24)   CF 1075.0   BW 5.0   result Pass
DEBUG:root:
DEBUG:root:--------------------------------------------------------------------------------
DEBUG:root:Player 6.0 changed settings
DEBUG:root:Previous channel : [1070.0;1080.0]
DEBUG:root:New channel : [1030.0;1040.0]
DEBUG:root:--------------------------------------------------------------------------------
DEBUG:root:
DEBUG:root:step 5.3
DEBUG:root:step 5.4
DEBUG:root:step 5.5
DEBUG:root:step 5.6
DEBUG:root:step 5.7
DEBUG:root:step 5.8
DEBUG:root:step 5.9
DEBUG:root:step 6.0
DEBUG:root:step 6.1
DEBUG:root:step 6.2
DEBUG:root:Player  2.0   Type  UCB   pos_tx(2.05, 2.12)   pos_rx(2.15, 2.22)   CF 1095.0   BW 5.0   result Fail
DEBUG:root:Player  2.0   Type  UCB   pos_tx(2.21, 2.22)   pos_rx(2.31, 2.32)   CF 1015.0   BW 5.0   result Fail
DEBUG:root:Player  2.0   Type  UCB   pos_tx(2.14, 5.95)   pos_rx(2.24, 6.05)   CF 1085.0   BW 5.0   result Fail
DEBUG:root:Player  2.0   Type  UCB   pos_tx(2.25, 6.01)   pos_rx(2.35, 6.11)   CF 1095.0   BW 5.0   result Fail
DEBUG:root:Player  6.0   Type  UCB   pos_tx(5.9, 5.85)   pos_rx(6.0, 5.95)   CF 1055.0   BW 5.0   result Fail
DEBUG:root:Player  6.0   Type  UCB   pos_tx(6.02, 5.91)   pos_rx(6.12, 6.01)   CF 1055.0   BW 5.0   result Fail
DEBUG:root:Player  6.0   Type  UCB   pos_tx(5.86, 2.07)   pos_rx(5.96, 2.17)   CF 1025.0   BW 5.0   result Fail
DEBUG:root:Player  6.0   Type  UCB   pos_tx(5.95, 2.21)   pos_rx(6.05, 2.31)   CF 1035.0   BW 5.0   result Fail
DEBUG:root:step 6.3
DEBUG:root:step 6.4
DEBUG:root:step 6.5
DEBUG:root:step 6.6
DEBUG:root:step 6.7
DEBUG:root:step 6.8
DEBUG:root:step 6.9
DEBUG:root:step 7.0
DEBUG:root:step 7.1
DEBUG:root:step 7.2
DEBUG:root:Player  2.0   Type  UCB   pos_tx(2.12, 2.14)   pos_rx(2.22, 2.24)   CF 1095.0   BW 5.0   result Fail
DEBUG:root:Player  2.0   Type  UCB   pos_tx(2.2, 2.25)   pos_rx(2.3, 2.35)   CF 1015.0   BW 5.0   result Fail
DEBUG:root:Player  2.0   Type  UCB   pos_tx(2.15, 5.88)   pos_rx(2.25, 5.98)   CF 1085.0   BW 5.0   result Fail
DEBUG:root:Player  2.0   Type  UCB   pos_tx(2.29, 5.99)   pos_rx(2.39, 6.09)   CF 1095.0   BW 5.0   result Fail
DEBUG:root:Player  6.0   Type  UCB   pos_tx(5.9, 5.79)   pos_rx(6.0, 5.89)   CF 1055.0   BW 5.0   result Fail
DEBUG:root:Player  6.0   Type  UCB   pos_tx(5.96, 5.9)   pos_rx(6.06, 6.0)   CF 1055.0   BW 5.0   result Fail
DEBUG:root:Player  6.0   Type  UCB   pos_tx(5.8, 2.1)   pos_rx(5.9, 2.2)   CF 1025.0   BW 5.0   result Fail
DEBUG:root:Player  6.0   Type  UCB   pos_tx(5.92, 2.17)   pos_rx(6.02, 2.27)   CF 1035.0   BW 5.0   result Fail
DEBUG:root:step 7.3
DEBUG:root:step 7.4
DEBUG:root:step 7.5
DEBUG:root:step 7.6
DEBUG:root:step 7.7
DEBUG:root:step 7.8
DEBUG:root:step 7.9
DEBUG:root:step 8.0
DEBUG:root:step 8.1
DEBUG:root:step 8.2
DEBUG:root:Player  2.0   Type  UCB   pos_tx(2.1, 2.17)   pos_rx(2.2, 2.27)   CF 1095.0   BW 5.0   result Fail
DEBUG:root:Player  2.0   Type  UCB   pos_tx(2.22, 2.32)   pos_rx(2.32, 2.42)   CF 1015.0   BW 5.0   result Fail
DEBUG:root:Player  2.0   Type  UCB   pos_tx(2.2, 5.91)   pos_rx(2.3, 6.01)   CF 1085.0   BW 5.0   result Fail
DEBUG:root:Player  2.0   Type  UCB   pos_tx(2.26, 5.99)   pos_rx(2.36, 6.09)   CF 1095.0   BW 5.0   result Fail
DEBUG:root:Player  6.0   Type  UCB   pos_tx(5.85, 5.8)   pos_rx(5.95, 5.9)   CF 1055.0   BW 5.0   result Fail
DEBUG:root:Player  6.0   Type  UCB   pos_tx(5.97, 5.87)   pos_rx(6.07, 5.97)   CF 1055.0   BW 5.0   result Fail
DEBUG:root:Player  6.0   Type  UCB   pos_tx(5.78, 2.14)   pos_rx(5.88, 2.24)   CF 1025.0   BW 5.0   result Fail
DEBUG:root:Player  6.0   Type  UCB   pos_tx(5.87, 2.24)   pos_rx(5.97, 2.34)   CF 1035.0   BW 5.0   result Fail
DEBUG:root:step 8.3
DEBUG:root:step 8.4
DEBUG:root:step 8.5
DEBUG:root:step 8.6
DEBUG:root:step 8.7
DEBUG:root:step 8.8
DEBUG:root:step 8.9
DEBUG:root:step 9.0
DEBUG:root:step 9.1
DEBUG:root:step 9.2
DEBUG:root:Player  2.0   Type  UCB   pos_tx(2.16, 2.21)   pos_rx(2.26, 2.31)   CF 1095.0   BW 5.0   result Fail
DEBUG:root:Player  2.0   Type  UCB   pos_tx(2.26, 2.35)   pos_rx(2.36, 2.45)   CF 1015.0   BW 5.0   result Fail
DEBUG:root:Player  2.0   Type  UCB   pos_tx(2.19, 5.86)   pos_rx(2.29, 5.96)   CF 1085.0   BW 5.0   result Fail
DEBUG:root:Player  2.0   Type  UCB   pos_tx(2.33, 5.95)   pos_rx(2.43, 6.05)   CF 1095.0   BW 5.0   result Fail
DEBUG:root:Player  6.0   Type  UCB   pos_tx(5.84, 5.81)   pos_rx(5.94, 5.91)   CF 1055.0   BW 5.0   result Fail
DEBUG:root:Player  6.0   Type  UCB   pos_tx(5.94, 5.86)   pos_rx(6.04, 5.96)   CF 1055.0   BW 5.0   result Fail
DEBUG:root:Player  6.0   Type  UCB   pos_tx(5.78, 2.15)   pos_rx(5.88, 2.25)   CF 1025.0   BW 5.0   result Fail
DEBUG:root:Player  6.0   Type  UCB   pos_tx(5.89, 2.22)   pos_rx(5.99, 2.32)   CF 1035.0   BW 5.0   result Fail
DEBUG:root:step 9.3
DEBUG:root:step 9.4
DEBUG:root:step 9.5
DEBUG:root:step 9.6
DEBUG:root:step 9.7
DEBUG:root:step 9.8
DEBUG:root:step 9.9
DEBUG:root:step 10.0
DEBUG:root:step 10.1
DEBUG:root:step 10.2
DEBUG:root:Player  2.0   Type  UCB   pos_tx(2.17, 2.23)   pos_rx(2.27, 2.33)   CF 1095.0   BW 5.0   result Pass
DEBUG:root:
DEBUG:root:--------------------------------------------------------------------------------
DEBUG:root:Player 2.0 changed settings
DEBUG:root:Previous channel : [1090.0;1100.0]
DEBUG:root:New channel : [1040.0;1050.0]
DEBUG:root:--------------------------------------------------------------------------------
DEBUG:root:
DEBUG:root:Player  2.0   Type  UCB   pos_tx(2.29, 2.34)   pos_rx(2.39, 2.44)   CF 1015.0   BW 5.0   result Pass
DEBUG:root:
DEBUG:root:--------------------------------------------------------------------------------
DEBUG:root:Player 2.0 changed settings
DEBUG:root:Previous channel : [1010.0;1020.0]
DEBUG:root:New channel : [1040.0;1050.0]
DEBUG:root:--------------------------------------------------------------------------------
DEBUG:root:
DEBUG:root:Player  2.0   Type  UCB   pos_tx(2.27, 5.85)   pos_rx(2.37, 5.95)   CF 1085.0   BW 5.0   result Pass
DEBUG:root:
DEBUG:root:--------------------------------------------------------------------------------
DEBUG:root:Player 2.0 changed settings
DEBUG:root:Previous channel : [1080.0;1090.0]
DEBUG:root:New channel : [1040.0;1050.0]
DEBUG:root:--------------------------------------------------------------------------------
DEBUG:root:
DEBUG:root:Player  2.0   Type  UCB   pos_tx(2.34, 5.93)   pos_rx(2.44, 6.03)   CF 1095.0   BW 5.0   result Pass
DEBUG:root:
DEBUG:root:--------------------------------------------------------------------------------
DEBUG:root:Player 2.0 changed settings
DEBUG:root:Previous channel : [1090.0;1100.0]
DEBUG:root:New channel : [1080.0;1090.0]
DEBUG:root:--------------------------------------------------------------------------------
DEBUG:root:
DEBUG:root:Player  6.0   Type  UCB   pos_tx(5.87, 5.79)   pos_rx(5.97, 5.89)   CF 1055.0   BW 5.0   result Fail
DEBUG:root:
DEBUG:root:--------------------------------------------------------------------------------
DEBUG:root:Player 6.0 changed settings
DEBUG:root:Previous channel : [1050.0;1060.0]
DEBUG:root:New channel : [1000.0;1010.0]
DEBUG:root:--------------------------------------------------------------------------------
DEBUG:root:
DEBUG:root:Player  6.0   Type  UCB   pos_tx(5.94, 5.86)   pos_rx(6.04, 5.96)   CF 1055.0   BW 5.0   result Fail
DEBUG:root:
DEBUG:root:--------------------------------------------------------------------------------
DEBUG:root:Player 6.0 changed settings
DEBUG:root:Previous channel : [1050.0;1060.0]
DEBUG:root:New channel : [1040.0;1050.0]
DEBUG:root:--------------------------------------------------------------------------------
DEBUG:root:
DEBUG:root:Player  6.0   Type  UCB   pos_tx(5.79, 2.19)   pos_rx(5.89, 2.29)   CF 1025.0   BW 5.0   result Pass
DEBUG:root:
DEBUG:root:--------------------------------------------------------------------------------
DEBUG:root:Player 6.0 changed settings
DEBUG:root:Previous channel : [1020.0;1030.0]
DEBUG:root:New channel : [1040.0;1050.0]
DEBUG:root:--------------------------------------------------------------------------------
DEBUG:root:
DEBUG:root:Player  6.0   Type  UCB   pos_tx(5.86, 2.26)   pos_rx(5.96, 2.36)   CF 1035.0   BW 5.0   result Pass
DEBUG:root:
DEBUG:root:--------------------------------------------------------------------------------
DEBUG:root:Player 6.0 changed settings
DEBUG:root:Previous channel : [1030.0;1040.0]
DEBUG:root:New channel : [1080.0;1090.0]
DEBUG:root:--------------------------------------------------------------------------------
DEBUG:root:
DEBUG:root:step 10.3
DEBUG:root:step 10.4
DEBUG:root:step 10.5
DEBUG:root:step 10.6
DEBUG:root:step 10.7
DEBUG:root:step 10.8
DEBUG:root:step 10.9
DEBUG:root:step 11.0
DEBUG:root:step 11.1
DEBUG:root:step 11.2
DEBUG:root:Player  2.0   Type  UCB   pos_tx(2.18, 2.26)   pos_rx(2.28, 2.36)   CF 1045.0   BW 5.0   result Fail
DEBUG:root:Player  2.0   Type  UCB   pos_tx(2.29, 2.36)   pos_rx(2.39, 2.46)   CF 1045.0   BW 5.0   result Fail
DEBUG:root:Player  2.0   Type  UCB   pos_tx(2.25, 5.82)   pos_rx(2.35, 5.92)   CF 1045.0   BW 5.0   result Fail
DEBUG:root:Player  2.0   Type  UCB   pos_tx(2.33, 5.89)   pos_rx(2.43, 5.99)   CF 1085.0   BW 5.0   result Fail
DEBUG:root:Player  6.0   Type  UCB   pos_tx(5.81, 5.72)   pos_rx(5.91, 5.82)   CF 1005.0   BW 5.0   result Fail
DEBUG:root:Player  6.0   Type  UCB   pos_tx(5.91, 5.82)   pos_rx(6.01, 5.92)   CF 1045.0   BW 5.0   result Fail
DEBUG:root:Player  6.0   Type  UCB   pos_tx(5.74, 2.17)   pos_rx(5.84, 2.27)   CF 1045.0   BW 5.0   result Fail
DEBUG:root:Player  6.0   Type  UCB   pos_tx(5.83, 2.24)   pos_rx(5.93, 2.34)   CF 1085.0   BW 5.0   result Fail
DEBUG:root:step 11.3
DEBUG:root:step 11.4
DEBUG:root:step 11.5
DEBUG:root:step 11.6
DEBUG:root:step 11.7
DEBUG:root:step 11.8
DEBUG:root:step 11.9
DEBUG:root:step 12.0
DEBUG:root:step 12.1
DEBUG:root:step 12.2
DEBUG:root:Player  2.0   Type  UCB   pos_tx(2.24, 2.24)   pos_rx(2.34, 2.34)   CF 1045.0   BW 5.0   result Fail
DEBUG:root:Player  2.0   Type  UCB   pos_tx(2.33, 2.35)   pos_rx(2.43, 2.45)   CF 1045.0   BW 5.0   result Fail
DEBUG:root:Player  2.0   Type  UCB   pos_tx(2.28, 5.81)   pos_rx(2.38, 5.91)   CF 1045.0   BW 5.0   result Fail
DEBUG:root:Player  2.0   Type  UCB   pos_tx(2.37, 5.86)   pos_rx(2.47, 5.96)   CF 1085.0   BW 5.0   result Fail
DEBUG:root:Player  6.0   Type  UCB   pos_tx(5.77, 5.73)   pos_rx(5.87, 5.83)   CF 1005.0   BW 5.0   result Fail
DEBUG:root:Player  6.0   Type  UCB   pos_tx(5.9, 5.8)   pos_rx(6.0, 5.9)   CF 1045.0   BW 5.0   result Fail
DEBUG:root:Player  6.0   Type  UCB   pos_tx(5.73, 2.2)   pos_rx(5.83, 2.3)   CF 1045.0   BW 5.0   result Fail
DEBUG:root:Player  6.0   Type  UCB   pos_tx(5.84, 2.28)   pos_rx(5.94, 2.38)   CF 1085.0   BW 5.0   result Fail
DEBUG:root:step 12.3
DEBUG:root:step 12.4
DEBUG:root:step 12.5
DEBUG:root:step 12.6
DEBUG:root:step 12.7
DEBUG:root:step 12.8
DEBUG:root:step 12.9
DEBUG:root:step 13.0
DEBUG:root:step 13.1
DEBUG:root:step 13.2
DEBUG:root:Player  2.0   Type  UCB   pos_tx(2.21, 2.29)   pos_rx(2.31, 2.39)   CF 1045.0   BW 5.0   result Fail
DEBUG:root:Player  2.0   Type  UCB   pos_tx(2.34, 2.37)   pos_rx(2.44, 2.47)   CF 1045.0   BW 5.0   result Fail
DEBUG:root:Player  2.0   Type  UCB   pos_tx(2.32, 5.75)   pos_rx(2.42, 5.85)   CF 1045.0   BW 5.0   result Fail
DEBUG:root:Player  2.0   Type  UCB   pos_tx(2.4, 5.89)   pos_rx(2.5, 5.99)   CF 1085.0   BW 5.0   result Fail
DEBUG:root:Player  6.0   Type  UCB   pos_tx(5.77, 5.71)   pos_rx(5.87, 5.81)   CF 1005.0   BW 5.0   result Fail
DEBUG:root:Player  6.0   Type  UCB   pos_tx(5.89, 5.81)   pos_rx(5.99, 5.91)   CF 1045.0   BW 5.0   result Fail
DEBUG:root:Player  6.0   Type  UCB   pos_tx(5.68, 2.25)   pos_rx(5.78, 2.35)   CF 1045.0   BW 5.0   result Fail
DEBUG:root:Player  6.0   Type  UCB   pos_tx(5.77, 2.3)   pos_rx(5.87, 2.4)   CF 1085.0   BW 5.0   result Fail
DEBUG:root:step 13.3
DEBUG:root:step 13.4
DEBUG:root:step 13.5
DEBUG:root:step 13.6
DEBUG:root:step 13.7
DEBUG:root:step 13.8
DEBUG:root:step 13.9
DEBUG:root:step 14.0
DEBUG:root:step 14.1
DEBUG:root:step 14.2
DEBUG:root:Player  2.0   Type  UCB   pos_tx(2.27, 2.33)   pos_rx(2.37, 2.43)   CF 1045.0   BW 5.0   result Fail
DEBUG:root:Player  2.0   Type  UCB   pos_tx(2.32, 2.43)   pos_rx(2.42, 2.53)   CF 1045.0   BW 5.0   result Fail
DEBUG:root:Player  2.0   Type  UCB   pos_tx(2.34, 5.72)   pos_rx(2.44, 5.82)   CF 1045.0   BW 5.0   result Fail
DEBUG:root:Player  2.0   Type  UCB   pos_tx(2.42, 5.87)   pos_rx(2.52, 5.97)   CF 1085.0   BW 5.0   result Fail
DEBUG:root:Player  6.0   Type  UCB   pos_tx(5.77, 5.7)   pos_rx(5.87, 5.8)   CF 1005.0   BW 5.0   result Fail
DEBUG:root:Player  6.0   Type  UCB   pos_tx(5.87, 5.78)   pos_rx(5.97, 5.88)   CF 1045.0   BW 5.0   result Fail
DEBUG:root:Player  6.0   Type  UCB   pos_tx(5.67, 2.23)   pos_rx(5.77, 2.33)   CF 1045.0   BW 5.0   result Fail
DEBUG:root:Player  6.0   Type  UCB   pos_tx(5.8, 2.31)   pos_rx(5.9, 2.41)   CF 1085.0   BW 5.0   result Fail
DEBUG:root:step 14.3
DEBUG:root:step 14.4
DEBUG:root:step 14.5
DEBUG:root:step 14.6
DEBUG:root:step 14.7
DEBUG:root:step 14.8
DEBUG:root:step 14.9
DEBUG:root:step 15.0
DEBUG:root:step 15.1
DEBUG:root:step 15.2
DEBUG:root:Player  2.0   Type  UCB   pos_tx(2.27, 2.36)   pos_rx(2.37, 2.46)   CF 1045.0   BW 5.0   result Fail
DEBUG:root:
DEBUG:root:--------------------------------------------------------------------------------
DEBUG:root:Player 2.0 changed settings
DEBUG:root:Previous channel : [1040.0;1050.0]
DEBUG:root:New channel : [1020.0;1030.0]
DEBUG:root:--------------------------------------------------------------------------------
DEBUG:root:
DEBUG:root:Player  2.0   Type  UCB   pos_tx(2.33, 2.41)   pos_rx(2.43, 2.51)   CF 1045.0   BW 5.0   result Fail
DEBUG:root:
DEBUG:root:--------------------------------------------------------------------------------
DEBUG:root:Player 2.0 changed settings
DEBUG:root:Previous channel : [1040.0;1050.0]
DEBUG:root:New channel : [1020.0;1030.0]
DEBUG:root:--------------------------------------------------------------------------------
DEBUG:root:
DEBUG:root:Player  2.0   Type  UCB   pos_tx(2.31, 5.7)   pos_rx(2.41, 5.8)   CF 1045.0   BW 5.0   result Pass
DEBUG:root:
DEBUG:root:--------------------------------------------------------------------------------
DEBUG:root:Player 2.0 changed settings
DEBUG:root:Previous channel : [1040.0;1050.0]
DEBUG:root:New channel : [1050.0;1060.0]
DEBUG:root:--------------------------------------------------------------------------------
DEBUG:root:
DEBUG:root:Player  2.0   Type  UCB   pos_tx(2.4, 5.81)   pos_rx(2.5, 5.91)   CF 1085.0   BW 5.0   result Pass
DEBUG:root:
DEBUG:root:--------------------------------------------------------------------------------
DEBUG:root:Player 2.0 changed settings
DEBUG:root:Previous channel : [1080.0;1090.0]
DEBUG:root:New channel : [1070.0;1080.0]
DEBUG:root:--------------------------------------------------------------------------------
DEBUG:root:
DEBUG:root:Player  6.0   Type  UCB   pos_tx(5.7, 5.68)   pos_rx(5.8, 5.78)   CF 1005.0   BW 5.0   result Pass
DEBUG:root:
DEBUG:root:--------------------------------------------------------------------------------
DEBUG:root:Player 6.0 changed settings
DEBUG:root:Previous channel : [1000.0;1010.0]
DEBUG:root:New channel : [1030.0;1040.0]
DEBUG:root:--------------------------------------------------------------------------------
DEBUG:root:
DEBUG:root:Player  6.0   Type  UCB   pos_tx(5.81, 5.74)   pos_rx(5.91, 5.84)   CF 1045.0   BW 5.0   result Pass
DEBUG:root:
DEBUG:root:--------------------------------------------------------------------------------
DEBUG:root:Player 6.0 changed settings
DEBUG:root:Previous channel : [1040.0;1050.0]
DEBUG:root:New channel : [1030.0;1040.0]
DEBUG:root:--------------------------------------------------------------------------------
DEBUG:root:
DEBUG:root:Player  6.0   Type  UCB   pos_tx(5.65, 2.23)   pos_rx(5.75, 2.33)   CF 1045.0   BW 5.0   result Pass
DEBUG:root:
DEBUG:root:--------------------------------------------------------------------------------
DEBUG:root:Player 6.0 changed settings
DEBUG:root:Previous channel : [1040.0;1050.0]
DEBUG:root:New channel : [1080.0;1090.0]
DEBUG:root:--------------------------------------------------------------------------------
DEBUG:root:
DEBUG:root:Player  6.0   Type  UCB   pos_tx(5.77, 2.37)   pos_rx(5.87, 2.47)   CF 1085.0   BW 5.0   result Pass
DEBUG:root:
DEBUG:root:--------------------------------------------------------------------------------
DEBUG:root:Player 6.0 changed settings
DEBUG:root:Previous channel : [1080.0;1090.0]
DEBUG:root:New channel : [1040.0;1050.0]
DEBUG:root:--------------------------------------------------------------------------------
DEBUG:root:
DEBUG:root:step 15.3
DEBUG:root:step 15.4
DEBUG:root:step 15.5
DEBUG:root:step 15.6
DEBUG:root:step 15.7
DEBUG:root:step 15.8
DEBUG:root:step 15.9
DEBUG:root:step 16.0
DEBUG:root:step 16.1
DEBUG:root:step 16.2
DEBUG:root:Player  2.0   Type  UCB   pos_tx(2.25, 2.37)   pos_rx(2.35, 2.47)   CF 1025.0   BW 5.0   result Fail
DEBUG:root:Player  2.0   Type  UCB   pos_tx(2.37, 2.44)   pos_rx(2.47, 2.54)   CF 1025.0   BW 5.0   result Fail
DEBUG:root:Player  2.0   Type  UCB   pos_tx(2.35, 5.68)   pos_rx(2.45, 5.78)   CF 1055.0   BW 5.0   result Fail
DEBUG:root:Player  2.0   Type  UCB   pos_tx(2.43, 5.77)   pos_rx(2.53, 5.87)   CF 1075.0   BW 5.0   result Fail
DEBUG:root:Player  6.0   Type  UCB   pos_tx(5.73, 5.65)   pos_rx(5.83, 5.75)   CF 1035.0   BW 5.0   result Fail
DEBUG:root:Player  6.0   Type  UCB   pos_tx(5.77, 5.74)   pos_rx(5.87, 5.84)   CF 1035.0   BW 5.0   result Fail
DEBUG:root:Player  6.0   Type  UCB   pos_tx(5.63, 2.25)   pos_rx(5.73, 2.35)   CF 1085.0   BW 5.0   result Fail
DEBUG:root:Player  6.0   Type  UCB   pos_tx(5.74, 2.4)   pos_rx(5.84, 2.5)   CF 1045.0   BW 5.0   result Fail
DEBUG:root:step 16.3
DEBUG:root:step 16.4
DEBUG:root:step 16.5
DEBUG:root:step 16.6
DEBUG:root:step 16.7
DEBUG:root:step 16.8
DEBUG:root:step 16.9
DEBUG:root:step 17.0
DEBUG:root:step 17.1
DEBUG:root:step 17.2
DEBUG:root:Player  2.0   Type  UCB   pos_tx(2.33, 2.4)   pos_rx(2.43, 2.5)   CF 1025.0   BW 5.0   result Fail
DEBUG:root:Player  2.0   Type  UCB   pos_tx(2.43, 2.47)   pos_rx(2.53, 2.57)   CF 1025.0   BW 5.0   result Fail
DEBUG:root:Player  2.0   Type  UCB   pos_tx(2.36, 5.67)   pos_rx(2.46, 5.77)   CF 1055.0   BW 5.0   result Fail
DEBUG:root:Player  2.0   Type  UCB   pos_tx(2.45, 5.79)   pos_rx(2.55, 5.89)   CF 1075.0   BW 5.0   result Fail
DEBUG:root:Player  6.0   Type  UCB   pos_tx(5.71, 5.62)   pos_rx(5.81, 5.72)   CF 1035.0   BW 5.0   result Fail
DEBUG:root:Player  6.0   Type  UCB   pos_tx(5.81, 5.69)   pos_rx(5.91, 5.79)   CF 1035.0   BW 5.0   result Fail
DEBUG:root:Player  6.0   Type  UCB   pos_tx(5.63, 2.31)   pos_rx(5.73, 2.41)   CF 1085.0   BW 5.0   result Fail
DEBUG:root:Player  6.0   Type  UCB   pos_tx(5.68, 2.4)   pos_rx(5.78, 2.5)   CF 1045.0   BW 5.0   result Fail
DEBUG:root:step 17.3
DEBUG:root:step 17.4
DEBUG:root:step 17.5
DEBUG:root:step 17.6
DEBUG:root:step 17.7
DEBUG:root:step 17.8
DEBUG:root:step 17.9
DEBUG:root:step 18.0
DEBUG:root:step 18.1
DEBUG:root:step 18.2
DEBUG:root:Player  2.0   Type  UCB   pos_tx(2.35, 2.38)   pos_rx(2.45, 2.48)   CF 1025.0   BW 5.0   result Fail
DEBUG:root:Player  2.0   Type  UCB   pos_tx(2.45, 2.52)   pos_rx(2.55, 2.62)   CF 1025.0   BW 5.0   result Fail
DEBUG:root:Player  2.0   Type  UCB   pos_tx(2.39, 5.71)   pos_rx(2.49, 5.81)   CF 1055.0   BW 5.0   result Fail
DEBUG:root:Player  2.0   Type  UCB   pos_tx(2.44, 5.78)   pos_rx(2.54, 5.88)   CF 1075.0   BW 5.0   result Fail
DEBUG:root:Player  6.0   Type  UCB   pos_tx(5.67, 5.6)   pos_rx(5.77, 5.7)   CF 1035.0   BW 5.0   result Fail
DEBUG:root:Player  6.0   Type  UCB   pos_tx(5.77, 5.69)   pos_rx(5.87, 5.79)   CF 1035.0   BW 5.0   result Fail
DEBUG:root:Player  6.0   Type  UCB   pos_tx(5.61, 2.34)   pos_rx(5.71, 2.44)   CF 1085.0   BW 5.0   result Fail
DEBUG:root:Player  6.0   Type  UCB   pos_tx(5.71, 2.39)   pos_rx(5.81, 2.49)   CF 1045.0   BW 5.0   result Fail
DEBUG:root:step 18.3
DEBUG:root:step 18.4
DEBUG:root:step 18.5
DEBUG:root:step 18.6
DEBUG:root:step 18.7
DEBUG:root:step 18.8
DEBUG:root:step 18.9
DEBUG:root:step 19.0
DEBUG:root:step 19.1
DEBUG:root:step 19.2
DEBUG:root:Player  2.0   Type  UCB   pos_tx(2.37, 2.39)   pos_rx(2.47, 2.49)   CF 1025.0   BW 5.0   result Fail
DEBUG:root:Player  2.0   Type  UCB   pos_tx(2.48, 2.51)   pos_rx(2.58, 2.61)   CF 1025.0   BW 5.0   result Fail
DEBUG:root:Player  2.0   Type  UCB   pos_tx(2.42, 5.63)   pos_rx(2.52, 5.73)   CF 1055.0   BW 5.0   result Fail
DEBUG:root:Player  2.0   Type  UCB   pos_tx(2.47, 5.76)   pos_rx(2.57, 5.86)   CF 1075.0   BW 5.0   result Fail
DEBUG:root:Player  6.0   Type  UCB   pos_tx(5.67, 5.58)   pos_rx(5.77, 5.68)   CF 1035.0   BW 5.0   result Fail
DEBUG:root:Player  6.0   Type  UCB   pos_tx(5.71, 5.64)   pos_rx(5.81, 5.74)   CF 1035.0   BW 5.0   result Fail
DEBUG:root:Player  6.0   Type  UCB   pos_tx(5.59, 2.33)   pos_rx(5.69, 2.43)   CF 1085.0   BW 5.0   result Fail
DEBUG:root:Player  6.0   Type  UCB   pos_tx(5.66, 2.44)   pos_rx(5.76, 2.54)   CF 1045.0   BW 5.0   result Fail
DEBUG:root:step 19.3
DEBUG:root:step 19.4
DEBUG:root:step 19.5
DEBUG:root:step 19.6
DEBUG:root:step 19.7
DEBUG:root:step 19.8
DEBUG:root:step 19.9
DEBUG:root:step 20.0
